INFO  MySqlDaoCrudEmployee:114 - The function 'select' was completed successfully.
INFO  MySqlDaoCrudEmployee:60 - The function 'getById' was completed successfully.
INFO  MySqlDaoCrudEmployee:114 - The function 'select' was completed successfully.
INFO  MySqlDaoCrudPatient:89 - The function 'login' was completed successfully.
INFO  MySqlDaoCrudTherapy:58 - The function 'getById' was completed successfully.
INFO  MySqlDaoCrudTherapy:58 - The function 'getById' was completed successfully.
INFO  MySqlDaoCrudTherapy:58 - The function 'getById' was completed successfully.
INFO  MySqlDaoCrudTherapy:58 - The function 'getById' was completed successfully.
INFO  MySqlDaoCrudPatient:66 - The function 'getById' was completed successfully.
INFO  MySqlDaoCrudPatient:89 - The function 'login' was completed successfully.
INFO  MySqlDaoCrudPatient:89 - The function 'login' was completed successfully.
INFO  MySqlDaoCrudEmployee:60 - The function 'getById' was completed successfully.
INFO  MySqlDaoCrudEmployee:80 - The function 'login' was completed successfully.
INFO  MySqlDaoCrudTherapy:58 - The function 'getById' was completed successfully.
INFO  MySqlDaoCrudTherapy:58 - The function 'getById' was completed successfully.
INFO  MySqlDaoCrudTherapy:58 - The function 'getById' was completed successfully.
INFO  MySqlDaoCrudTherapy:58 - The function 'getById' was completed successfully.
INFO  MySqlDaoCrudTherapy:58 - The function 'getById' was completed successfully.
INFO  MySqlDaoCrudTherapy:58 - The function 'getById' was completed successfully.
INFO  MySqlDaoCrudTherapy:58 - The function 'getById' was completed successfully.
INFO  MySqlDaoCrudTherapy:58 - The function 'getById' was completed successfully.
INFO  MySqlDaoCrudTherapy:58 - The function 'getById' was completed successfully.
INFO  MySqlDaoCrudTherapy:58 - The function 'getById' was completed successfully.
INFO  MySqlDaoCrudTherapy:58 - The function 'getById' was completed successfully.
INFO  MySqlDaoCrudTherapy:58 - The function 'getById' was completed successfully.
INFO  MySqlDaoCrudTherapy:58 - The function 'getById' was completed successfully.
INFO  MySqlDaoCrudTherapy:58 - The function 'getById' was completed successfully.
INFO  MySqlDaoCrudTherapy:58 - The function 'getById' was completed successfully.
INFO  MySqlDaoCrudTherapy:58 - The function 'getById' was completed successfully.
INFO  MySqlDaoCrudPatient:118 - The function 'select' was completed successfully.
INFO  MySqlDaoCrudTherapy:58 - The function 'getById' was completed successfully.
INFO  MySqlDaoCrudTherapy:58 - The function 'getById' was completed successfully.
INFO  MySqlDaoCrudTherapy:58 - The function 'getById' was completed successfully.
INFO  MySqlDaoCrudTherapy:58 - The function 'getById' was completed successfully.
INFO  MySqlDaoCrudPatient:66 - The function 'getById' was completed successfully.
ERROR MySqlDaoCrudTherapy:82 - Table 'hospital.operation' doesn't exist
INFO  MySqlDaoCrudTherapy:84 - The function 'select' was completed successfully.
ERROR MySqlDaoCrudTherapy:82 - You have an error in your SQL syntax; check the manual that corresponds to your MySQL server version for the right syntax to use near 'procedure' at line 1
INFO  MySqlDaoCrudTherapy:84 - The function 'select' was completed successfully.
INFO  MySqlDaoCrudTherapy:84 - The function 'select' was completed successfully.
ERROR MySqlDaoCrudTherapy:82 - Table 'hospital.diagnose' doesn't exist
INFO  MySqlDaoCrudTherapy:84 - The function 'select' was completed successfully.
INFO  MySqlDaoCrudEmployee:60 - The function 'getById' was completed successfully.
INFO  MySqlDaoCrudEmployee:80 - The function 'login' was completed successfully.
INFO  MySqlDaoCrudTherapy:58 - The function 'getById' was completed successfully.
INFO  MySqlDaoCrudTherapy:58 - The function 'getById' was completed successfully.
INFO  MySqlDaoCrudTherapy:58 - The function 'getById' was completed successfully.
INFO  MySqlDaoCrudTherapy:58 - The function 'getById' was completed successfully.
INFO  MySqlDaoCrudTherapy:58 - The function 'getById' was completed successfully.
INFO  MySqlDaoCrudTherapy:58 - The function 'getById' was completed successfully.
INFO  MySqlDaoCrudTherapy:58 - The function 'getById' was completed successfully.
INFO  MySqlDaoCrudTherapy:58 - The function 'getById' was completed successfully.
INFO  MySqlDaoCrudTherapy:58 - The function 'getById' was completed successfully.
INFO  MySqlDaoCrudTherapy:58 - The function 'getById' was completed successfully.
INFO  MySqlDaoCrudTherapy:58 - The function 'getById' was completed successfully.
INFO  MySqlDaoCrudTherapy:58 - The function 'getById' was completed successfully.
INFO  MySqlDaoCrudTherapy:58 - The function 'getById' was completed successfully.
INFO  MySqlDaoCrudTherapy:58 - The function 'getById' was completed successfully.
INFO  MySqlDaoCrudTherapy:58 - The function 'getById' was completed successfully.
INFO  MySqlDaoCrudTherapy:58 - The function 'getById' was completed successfully.
INFO  MySqlDaoCrudPatient:118 - The function 'select' was completed successfully.
INFO  MySqlDaoCrudTherapy:58 - The function 'getById' was completed successfully.
INFO  MySqlDaoCrudTherapy:58 - The function 'getById' was completed successfully.
INFO  MySqlDaoCrudTherapy:58 - The function 'getById' was completed successfully.
INFO  MySqlDaoCrudTherapy:58 - The function 'getById' was completed successfully.
INFO  MySqlDaoCrudPatient:66 - The function 'getById' was completed successfully.
ERROR MySqlDaoCrudTherapy:82 - Table 'hospital.operation' doesn't exist
INFO  MySqlDaoCrudTherapy:84 - The function 'select' was completed successfully.
ERROR MySqlDaoCrudTherapy:82 - Table 'hospital.diagnose' doesn't exist
INFO  MySqlDaoCrudTherapy:84 - The function 'select' was completed successfully.
ERROR MySqlDaoCrudTherapy:82 - You have an error in your SQL syntax; check the manual that corresponds to your MySQL server version for the right syntax to use near 'procedure' at line 1
INFO  MySqlDaoCrudTherapy:84 - The function 'select' was completed successfully.
INFO  MySqlDaoCrudTherapy:84 - The function 'select' was completed successfully.
INFO  MySqlDaoCrudEmployee:60 - The function 'getById' was completed successfully.
INFO  MySqlDaoCrudEmployee:80 - The function 'login' was completed successfully.
INFO  MySqlDaoCrudPatient:89 - The function 'login' was completed successfully.
INFO  MySqlDaoCrudEmployee:60 - The function 'getById' was completed successfully.
INFO  MySqlDaoCrudEmployee:80 - The function 'login' was completed successfully.
INFO  MySqlDaoCrudEmployee:60 - The function 'getById' was completed successfully.
INFO  MySqlDaoCrudEmployee:80 - The function 'login' was completed successfully.
INFO  MySqlDaoCrudEmployee:60 - The function 'getById' was completed successfully.
INFO  MySqlDaoCrudEmployee:80 - The function 'login' was completed successfully.
INFO  MySqlDaoCrudEmployee:60 - The function 'getById' was completed successfully.
INFO  MySqlDaoCrudEmployee:80 - The function 'login' was completed successfully.
INFO  MySqlDaoCrudEmployee:60 - The function 'getById' was completed successfully.
INFO  MySqlDaoCrudEmployee:80 - The function 'login' was completed successfully.
INFO  MySqlDaoCrudEmployee:60 - The function 'getById' was completed successfully.
INFO  MySqlDaoCrudEmployee:80 - The function 'login' was completed successfully.
INFO  MySqlDaoCrudEmployee:60 - The function 'getById' was completed successfully.
INFO  MySqlDaoCrudEmployee:80 - The function 'login' was completed successfully.
INFO  MySqlDaoCrudEmployee:60 - The function 'getById' was completed successfully.
INFO  MySqlDaoCrudEmployee:80 - The function 'login' was completed successfully.
INFO  MySqlDaoCrudEmployee:60 - The function 'getById' was completed successfully.
INFO  MySqlDaoCrudEmployee:80 - The function 'login' was completed successfully.
INFO  MySqlDaoCrudEmployee:60 - The function 'getById' was completed successfully.
INFO  MySqlDaoCrudEmployee:80 - The function 'login' was completed successfully.
INFO  MySqlDaoCrudEmployee:60 - The function 'getById' was completed successfully.
INFO  MySqlDaoCrudEmployee:80 - The function 'login' was completed successfully.
INFO  MySqlDaoCrudEmployee:60 - The function 'getById' was completed successfully.
INFO  MySqlDaoCrudEmployee:80 - The function 'login' was completed successfully.
INFO  MySqlDaoCrudEmployee:60 - The function 'getById' was completed successfully.
INFO  MySqlDaoCrudEmployee:80 - The function 'login' was completed successfully.
INFO  MySqlDaoCrudEmployee:60 - The function 'getById' was completed successfully.
INFO  MySqlDaoCrudEmployee:80 - The function 'login' was completed successfully.
INFO  MySqlDaoCrudEmployee:60 - The function 'getById' was completed successfully.
INFO  MySqlDaoCrudEmployee:80 - The function 'login' was completed successfully.
INFO  MySqlDaoCrudEmployee:60 - The function 'getById' was completed successfully.
INFO  MySqlDaoCrudEmployee:80 - The function 'login' was completed successfully.
INFO  MySqlDaoCrudEmployee:60 - The function 'getById' was completed successfully.
INFO  MySqlDaoCrudEmployee:80 - The function 'login' was completed successfully.
INFO  MySqlDaoCrudEmployee:60 - The function 'getById' was completed successfully.
INFO  MySqlDaoCrudEmployee:80 - The function 'login' was completed successfully.
INFO  MySqlDaoCrudEmployee:60 - The function 'getById' was completed successfully.
INFO  MySqlDaoCrudEmployee:80 - The function 'login' was completed successfully.
INFO  MySqlDaoCrudEmployee:60 - The function 'getById' was completed successfully.
INFO  MySqlDaoCrudEmployee:80 - The function 'login' was completed successfully.
INFO  MySqlDaoCrudEmployee:60 - The function 'getById' was completed successfully.
INFO  MySqlDaoCrudEmployee:80 - The function 'login' was completed successfully.
INFO  MySqlDaoCrudTherapy:58 - The function 'getById' was completed successfully.
INFO  MySqlDaoCrudTherapy:58 - The function 'getById' was completed successfully.
INFO  MySqlDaoCrudTherapy:58 - The function 'getById' was completed successfully.
INFO  MySqlDaoCrudTherapy:58 - The function 'getById' was completed successfully.
INFO  MySqlDaoCrudTherapy:58 - The function 'getById' was completed successfully.
INFO  MySqlDaoCrudTherapy:58 - The function 'getById' was completed successfully.
INFO  MySqlDaoCrudTherapy:58 - The function 'getById' was completed successfully.
INFO  MySqlDaoCrudTherapy:58 - The function 'getById' was completed successfully.
INFO  MySqlDaoCrudTherapy:58 - The function 'getById' was completed successfully.
INFO  MySqlDaoCrudTherapy:58 - The function 'getById' was completed successfully.
INFO  MySqlDaoCrudTherapy:58 - The function 'getById' was completed successfully.
INFO  MySqlDaoCrudTherapy:58 - The function 'getById' was completed successfully.
INFO  MySqlDaoCrudTherapy:58 - The function 'getById' was completed successfully.
INFO  MySqlDaoCrudTherapy:58 - The function 'getById' was completed successfully.
INFO  MySqlDaoCrudTherapy:58 - The function 'getById' was completed successfully.
INFO  MySqlDaoCrudTherapy:58 - The function 'getById' was completed successfully.
INFO  MySqlDaoCrudPatient:118 - The function 'select' was completed successfully.
INFO  MySqlDaoCrudEmployee:114 - The function 'select' was completed successfully.
INFO  MySqlDaoCrudEmployee:60 - The function 'getById' was completed successfully.
