INFO  MySqlDaoCrudEmployee:114 - The function 'select' was completed successfully.
INFO  MySqlDaoCrudUser:63 - The function 'getById' was completed successfully.
INFO  MySqlDaoCrudUser:63 - The function 'getById' was completed successfully.
INFO  MySqlDaoCrudUser:63 - The function 'getById' was completed successfully.
INFO  MySqlDaoCrudUser:63 - The function 'getById' was completed successfully.
INFO  MySqlDaoCrudEmployee:80 - The function 'getById' was completed successfully.
INFO  MySqlDaoCrudEmployee:51 - The function 'login' was completed successfully.
INFO  MySqlDaoCrudTherapy:58 - The function 'getById' was completed successfully.
INFO  MySqlDaoCrudTherapy:58 - The function 'getById' was completed successfully.
INFO  MySqlDaoCrudTherapy:58 - The function 'getById' was completed successfully.
INFO  MySqlDaoCrudTherapy:58 - The function 'getById' was completed successfully.
INFO  MySqlDaoCrudPatient:116 - The function 'select' was completed successfully.
INFO  MySqlDaoCrudTherapy:58 - The function 'getById' was completed successfully.
INFO  MySqlDaoCrudTherapy:58 - The function 'getById' was completed successfully.
INFO  MySqlDaoCrudTherapy:58 - The function 'getById' was completed successfully.
INFO  MySqlDaoCrudTherapy:58 - The function 'getById' was completed successfully.
INFO  MySqlDaoCrudPatient:76 - The function 'getById' was completed successfully.
INFO  MySqlDaoCrudTherapy:84 - The function 'select' was completed successfully.
INFO  MySqlDaoCrudTherapy:84 - The function 'select' was completed successfully.
INFO  MySqlDaoCrudTherapy:84 - The function 'select' was completed successfully.
INFO  MySqlDaoCrudTherapy:84 - The function 'select' was completed successfully.
INFO  MySqlDaoCrudTherapy:58 - The function 'getById' was completed successfully.
INFO  MySqlDaoCrudTherapy:58 - The function 'getById' was completed successfully.
INFO  MySqlDaoCrudTherapy:58 - The function 'getById' was completed successfully.
INFO  MySqlDaoCrudTherapy:58 - The function 'getById' was completed successfully.
INFO  MySqlDaoCrudPatient:116 - The function 'select' was completed successfully.
INFO  MySqlDaoCrudEmployee:114 - The function 'select' was completed successfully.
INFO  MySqlDaoCrudUser:63 - The function 'getById' was completed successfully.
INFO  MySqlDaoCrudUser:63 - The function 'getById' was completed successfully.
INFO  MySqlDaoCrudEmployee:80 - The function 'getById' was completed successfully.
INFO  MySqlDaoCrudEmployee:51 - The function 'login' was completed successfully.
INFO  MySqlDaoCrudTherapy:58 - The function 'getById' was completed successfully.
INFO  MySqlDaoCrudTherapy:58 - The function 'getById' was completed successfully.
INFO  MySqlDaoCrudTherapy:58 - The function 'getById' was completed successfully.
INFO  MySqlDaoCrudTherapy:58 - The function 'getById' was completed successfully.
INFO  MySqlDaoCrudPatient:116 - The function 'select' was completed successfully.
INFO  MySqlDaoCrudTherapy:58 - The function 'getById' was completed successfully.
INFO  MySqlDaoCrudTherapy:58 - The function 'getById' was completed successfully.
INFO  MySqlDaoCrudTherapy:58 - The function 'getById' was completed successfully.
INFO  MySqlDaoCrudTherapy:58 - The function 'getById' was completed successfully.
INFO  MySqlDaoCrudPatient:76 - The function 'getById' was completed successfully.
INFO  MySqlDaoCrudTherapy:84 - The function 'select' was completed successfully.
INFO  MySqlDaoCrudTherapy:84 - The function 'select' was completed successfully.
INFO  MySqlDaoCrudTherapy:84 - The function 'select' was completed successfully.
INFO  MySqlDaoCrudTherapy:84 - The function 'select' was completed successfully.
INFO  MySqlDaoCrudUser:63 - The function 'getById' was completed successfully.
INFO  MySqlDaoCrudUser:63 - The function 'getById' was completed successfully.
INFO  MySqlDaoCrudEmployee:80 - The function 'getById' was completed successfully.
INFO  MySqlDaoCrudEmployee:51 - The function 'login' was completed successfully.
INFO  MySqlDaoCrudUser:63 - The function 'getById' was completed successfully.
INFO  MySqlDaoCrudUser:63 - The function 'getById' was completed successfully.
INFO  MySqlDaoCrudEmployee:80 - The function 'getById' was completed successfully.
INFO  MySqlDaoCrudEmployee:51 - The function 'login' was completed successfully.
INFO  MySqlDaoCrudTherapy:58 - The function 'getById' was completed successfully.
INFO  MySqlDaoCrudTherapy:58 - The function 'getById' was completed successfully.
INFO  MySqlDaoCrudTherapy:58 - The function 'getById' was completed successfully.
INFO  MySqlDaoCrudTherapy:58 - The function 'getById' was completed successfully.
INFO  MySqlDaoCrudPatient:116 - The function 'select' was completed successfully.
INFO  MySqlDaoCrudTherapy:58 - The function 'getById' was completed successfully.
INFO  MySqlDaoCrudTherapy:58 - The function 'getById' was completed successfully.
INFO  MySqlDaoCrudTherapy:58 - The function 'getById' was completed successfully.
INFO  MySqlDaoCrudTherapy:58 - The function 'getById' was completed successfully.
INFO  MySqlDaoCrudPatient:76 - The function 'getById' was completed successfully.
INFO  MySqlDaoCrudTherapy:84 - The function 'select' was completed successfully.
INFO  MySqlDaoCrudTherapy:84 - The function 'select' was completed successfully.
INFO  MySqlDaoCrudTherapy:84 - The function 'select' was completed successfully.
INFO  MySqlDaoCrudTherapy:84 - The function 'select' was completed successfully.
INFO  MySqlDaoCrudTherapy:58 - The function 'getById' was completed successfully.
INFO  MySqlDaoCrudTherapy:58 - The function 'getById' was completed successfully.
INFO  MySqlDaoCrudTherapy:58 - The function 'getById' was completed successfully.
INFO  MySqlDaoCrudTherapy:58 - The function 'getById' was completed successfully.
INFO  MySqlDaoCrudPatient:76 - The function 'getById' was completed successfully.
INFO  MySqlDaoCrudTherapy:58 - The function 'getById' was completed successfully.
INFO  MySqlDaoCrudTherapy:58 - The function 'getById' was completed successfully.
INFO  MySqlDaoCrudTherapy:58 - The function 'getById' was completed successfully.
INFO  MySqlDaoCrudTherapy:58 - The function 'getById' was completed successfully.
INFO  MySqlDaoCrudPatient:76 - The function 'getById' was completed successfully.
INFO  MySqlDaoCrudUser:63 - The function 'getById' was completed successfully.
INFO  MySqlDaoCrudUser:63 - The function 'getById' was completed successfully.
INFO  MySqlDaoCrudEmployee:80 - The function 'getById' was completed successfully.
INFO  MySqlDaoCrudEmployee:51 - The function 'login' was completed successfully.
INFO  MySqlDaoCrudTherapy:58 - The function 'getById' was completed successfully.
INFO  MySqlDaoCrudTherapy:58 - The function 'getById' was completed successfully.
INFO  MySqlDaoCrudTherapy:58 - The function 'getById' was completed successfully.
INFO  MySqlDaoCrudTherapy:58 - The function 'getById' was completed successfully.
INFO  MySqlDaoCrudPatient:116 - The function 'select' was completed successfully.
INFO  MySqlDaoCrudTherapy:58 - The function 'getById' was completed successfully.
INFO  MySqlDaoCrudTherapy:58 - The function 'getById' was completed successfully.
INFO  MySqlDaoCrudTherapy:58 - The function 'getById' was completed successfully.
INFO  MySqlDaoCrudTherapy:58 - The function 'getById' was completed successfully.
INFO  MySqlDaoCrudPatient:76 - The function 'getById' was completed successfully.
INFO  MySqlDaoCrudTherapy:84 - The function 'select' was completed successfully.
INFO  MySqlDaoCrudTherapy:84 - The function 'select' was completed successfully.
INFO  MySqlDaoCrudTherapy:84 - The function 'select' was completed successfully.
INFO  MySqlDaoCrudTherapy:84 - The function 'select' was completed successfully.
INFO  MySqlDaoCrudTherapy:58 - The function 'getById' was completed successfully.
INFO  MySqlDaoCrudTherapy:58 - The function 'getById' was completed successfully.
INFO  MySqlDaoCrudTherapy:58 - The function 'getById' was completed successfully.
INFO  MySqlDaoCrudTherapy:58 - The function 'getById' was completed successfully.
INFO  MySqlDaoCrudPatient:76 - The function 'getById' was completed successfully.
INFO  MySqlDaoCrudUser:63 - The function 'getById' was completed successfully.
INFO  MySqlDaoCrudUser:63 - The function 'getById' was completed successfully.
INFO  MySqlDaoCrudEmployee:80 - The function 'getById' was completed successfully.
INFO  MySqlDaoCrudEmployee:51 - The function 'login' was completed successfully.
INFO  MySqlDaoCrudTherapy:58 - The function 'getById' was completed successfully.
INFO  MySqlDaoCrudTherapy:58 - The function 'getById' was completed successfully.
INFO  MySqlDaoCrudTherapy:58 - The function 'getById' was completed successfully.
INFO  MySqlDaoCrudTherapy:58 - The function 'getById' was completed successfully.
INFO  MySqlDaoCrudPatient:116 - The function 'select' was completed successfully.
INFO  MySqlDaoCrudTherapy:58 - The function 'getById' was completed successfully.
INFO  MySqlDaoCrudTherapy:58 - The function 'getById' was completed successfully.
INFO  MySqlDaoCrudTherapy:58 - The function 'getById' was completed successfully.
INFO  MySqlDaoCrudTherapy:58 - The function 'getById' was completed successfully.
INFO  MySqlDaoCrudPatient:76 - The function 'getById' was completed successfully.
INFO  MySqlDaoCrudTherapy:84 - The function 'select' was completed successfully.
INFO  MySqlDaoCrudTherapy:84 - The function 'select' was completed successfully.
INFO  MySqlDaoCrudTherapy:84 - The function 'select' was completed successfully.
INFO  MySqlDaoCrudTherapy:84 - The function 'select' was completed successfully.
INFO  MySqlDaoCrudTherapy:58 - The function 'getById' was completed successfully.
INFO  MySqlDaoCrudTherapy:58 - The function 'getById' was completed successfully.
INFO  MySqlDaoCrudTherapy:58 - The function 'getById' was completed successfully.
INFO  MySqlDaoCrudTherapy:58 - The function 'getById' was completed successfully.
INFO  MySqlDaoCrudPatient:76 - The function 'getById' was completed successfully.
INFO  MySqlDaoCrudUser:63 - The function 'getById' was completed successfully.
INFO  MySqlDaoCrudUser:63 - The function 'getById' was completed successfully.
INFO  MySqlDaoCrudEmployee:80 - The function 'getById' was completed successfully.
INFO  MySqlDaoCrudEmployee:51 - The function 'login' was completed successfully.
INFO  MySqlDaoCrudTherapy:58 - The function 'getById' was completed successfully.
INFO  MySqlDaoCrudTherapy:58 - The function 'getById' was completed successfully.
INFO  MySqlDaoCrudTherapy:58 - The function 'getById' was completed successfully.
INFO  MySqlDaoCrudTherapy:58 - The function 'getById' was completed successfully.
INFO  MySqlDaoCrudPatient:116 - The function 'select' was completed successfully.
INFO  MySqlDaoCrudTherapy:58 - The function 'getById' was completed successfully.
INFO  MySqlDaoCrudTherapy:58 - The function 'getById' was completed successfully.
INFO  MySqlDaoCrudTherapy:58 - The function 'getById' was completed successfully.
INFO  MySqlDaoCrudTherapy:58 - The function 'getById' was completed successfully.
INFO  MySqlDaoCrudPatient:76 - The function 'getById' was completed successfully.
INFO  MySqlDaoCrudTherapy:84 - The function 'select' was completed successfully.
INFO  MySqlDaoCrudTherapy:84 - The function 'select' was completed successfully.
INFO  MySqlDaoCrudTherapy:84 - The function 'select' was completed successfully.
INFO  MySqlDaoCrudTherapy:84 - The function 'select' was completed successfully.
INFO  MySqlDaoCrudTherapy:58 - The function 'getById' was completed successfully.
INFO  MySqlDaoCrudTherapy:58 - The function 'getById' was completed successfully.
INFO  MySqlDaoCrudTherapy:58 - The function 'getById' was completed successfully.
INFO  MySqlDaoCrudTherapy:58 - The function 'getById' was completed successfully.
INFO  MySqlDaoCrudPatient:76 - The function 'getById' was completed successfully.
INFO  MySqlDaoCrudTherapy:58 - The function 'getById' was completed successfully.
INFO  MySqlDaoCrudTherapy:58 - The function 'getById' was completed successfully.
INFO  MySqlDaoCrudTherapy:58 - The function 'getById' was completed successfully.
INFO  MySqlDaoCrudTherapy:58 - The function 'getById' was completed successfully.
INFO  MySqlDaoCrudPatient:136 - The function 'update' was completed successfully.
INFO  MySqlDaoCrudUser:63 - The function 'getById' was completed successfully.
INFO  MySqlDaoCrudUser:63 - The function 'getById' was completed successfully.
INFO  MySqlDaoCrudEmployee:80 - The function 'getById' was completed successfully.
INFO  MySqlDaoCrudEmployee:51 - The function 'login' was completed successfully.
INFO  MySqlDaoCrudTherapy:58 - The function 'getById' was completed successfully.
INFO  MySqlDaoCrudTherapy:58 - The function 'getById' was completed successfully.
INFO  MySqlDaoCrudTherapy:58 - The function 'getById' was completed successfully.
INFO  MySqlDaoCrudTherapy:58 - The function 'getById' was completed successfully.
INFO  MySqlDaoCrudPatient:116 - The function 'select' was completed successfully.
INFO  MySqlDaoCrudTherapy:58 - The function 'getById' was completed successfully.
INFO  MySqlDaoCrudTherapy:58 - The function 'getById' was completed successfully.
INFO  MySqlDaoCrudTherapy:58 - The function 'getById' was completed successfully.
INFO  MySqlDaoCrudTherapy:58 - The function 'getById' was completed successfully.
INFO  MySqlDaoCrudPatient:76 - The function 'getById' was completed successfully.
INFO  MySqlDaoCrudTherapy:84 - The function 'select' was completed successfully.
INFO  MySqlDaoCrudTherapy:84 - The function 'select' was completed successfully.
INFO  MySqlDaoCrudTherapy:84 - The function 'select' was completed successfully.
INFO  MySqlDaoCrudTherapy:84 - The function 'select' was completed successfully.
INFO  MySqlDaoCrudUser:63 - The function 'getById' was completed successfully.
INFO  MySqlDaoCrudUser:63 - The function 'getById' was completed successfully.
INFO  MySqlDaoCrudEmployee:80 - The function 'getById' was completed successfully.
INFO  MySqlDaoCrudEmployee:51 - The function 'login' was completed successfully.
INFO  MySqlDaoCrudTherapy:58 - The function 'getById' was completed successfully.
INFO  MySqlDaoCrudTherapy:58 - The function 'getById' was completed successfully.
INFO  MySqlDaoCrudTherapy:58 - The function 'getById' was completed successfully.
INFO  MySqlDaoCrudTherapy:58 - The function 'getById' was completed successfully.
INFO  MySqlDaoCrudPatient:116 - The function 'select' was completed successfully.
INFO  MySqlDaoCrudTherapy:58 - The function 'getById' was completed successfully.
INFO  MySqlDaoCrudTherapy:58 - The function 'getById' was completed successfully.
INFO  MySqlDaoCrudTherapy:58 - The function 'getById' was completed successfully.
INFO  MySqlDaoCrudTherapy:58 - The function 'getById' was completed successfully.
INFO  MySqlDaoCrudPatient:76 - The function 'getById' was completed successfully.
INFO  MySqlDaoCrudTherapy:84 - The function 'select' was completed successfully.
INFO  MySqlDaoCrudTherapy:84 - The function 'select' was completed successfully.
INFO  MySqlDaoCrudTherapy:84 - The function 'select' was completed successfully.
INFO  MySqlDaoCrudTherapy:84 - The function 'select' was completed successfully.
INFO  MySqlDaoCrudTherapy:58 - The function 'getById' was completed successfully.
INFO  MySqlDaoCrudTherapy:58 - The function 'getById' was completed successfully.
INFO  MySqlDaoCrudTherapy:58 - The function 'getById' was completed successfully.
INFO  MySqlDaoCrudTherapy:58 - The function 'getById' was completed successfully.
INFO  MySqlDaoCrudPatient:76 - The function 'getById' was completed successfully.
INFO  MySqlDaoCrudTherapy:58 - The function 'getById' was completed successfully.
INFO  MySqlDaoCrudTherapy:58 - The function 'getById' was completed successfully.
INFO  MySqlDaoCrudTherapy:58 - The function 'getById' was completed successfully.
INFO  MySqlDaoCrudTherapy:58 - The function 'getById' was completed successfully.
INFO  MySqlDaoCrudPatient:136 - The function 'update' was completed successfully.
INFO  MySqlDaoCrudUser:63 - The function 'getById' was completed successfully.
INFO  MySqlDaoCrudUser:63 - The function 'getById' was completed successfully.
INFO  MySqlDaoCrudEmployee:80 - The function 'getById' was completed successfully.
INFO  MySqlDaoCrudEmployee:51 - The function 'login' was completed successfully.
INFO  MySqlDaoCrudTherapy:58 - The function 'getById' was completed successfully.
INFO  MySqlDaoCrudTherapy:58 - The function 'getById' was completed successfully.
INFO  MySqlDaoCrudTherapy:58 - The function 'getById' was completed successfully.
INFO  MySqlDaoCrudTherapy:58 - The function 'getById' was completed successfully.
INFO  MySqlDaoCrudPatient:116 - The function 'select' was completed successfully.
INFO  MySqlDaoCrudTherapy:58 - The function 'getById' was completed successfully.
INFO  MySqlDaoCrudTherapy:58 - The function 'getById' was completed successfully.
INFO  MySqlDaoCrudTherapy:58 - The function 'getById' was completed successfully.
INFO  MySqlDaoCrudTherapy:58 - The function 'getById' was completed successfully.
INFO  MySqlDaoCrudPatient:76 - The function 'getById' was completed successfully.
INFO  MySqlDaoCrudTherapy:84 - The function 'select' was completed successfully.
INFO  MySqlDaoCrudTherapy:84 - The function 'select' was completed successfully.
INFO  MySqlDaoCrudTherapy:84 - The function 'select' was completed successfully.
INFO  MySqlDaoCrudTherapy:84 - The function 'select' was completed successfully.
INFO  MySqlDaoCrudTherapy:58 - The function 'getById' was completed successfully.
INFO  MySqlDaoCrudTherapy:58 - The function 'getById' was completed successfully.
INFO  MySqlDaoCrudTherapy:58 - The function 'getById' was completed successfully.
INFO  MySqlDaoCrudTherapy:58 - The function 'getById' was completed successfully.
INFO  MySqlDaoCrudPatient:76 - The function 'getById' was completed successfully.
INFO  MySqlDaoCrudTherapy:58 - The function 'getById' was completed successfully.
INFO  MySqlDaoCrudTherapy:58 - The function 'getById' was completed successfully.
INFO  MySqlDaoCrudTherapy:58 - The function 'getById' was completed successfully.
INFO  MySqlDaoCrudTherapy:58 - The function 'getById' was completed successfully.
INFO  MySqlDaoCrudPatient:136 - The function 'update' was completed successfully.
INFO  MySqlDaoCrudTherapy:58 - The function 'getById' was completed successfully.
INFO  MySqlDaoCrudTherapy:58 - The function 'getById' was completed successfully.
INFO  MySqlDaoCrudTherapy:58 - The function 'getById' was completed successfully.
INFO  MySqlDaoCrudTherapy:58 - The function 'getById' was completed successfully.
INFO  MySqlDaoCrudPatient:116 - The function 'select' was completed successfully.
INFO  MySqlDaoCrudPatient:152 - The function 'delete' was completed successfully.
INFO  MySqlDaoCrudPatient:116 - The function 'select' was completed successfully.
INFO  MySqlDaoCrudUser:63 - The function 'getById' was completed successfully.
INFO  MySqlDaoCrudUser:63 - The function 'getById' was completed successfully.
INFO  MySqlDaoCrudEmployee:80 - The function 'getById' was completed successfully.
INFO  MySqlDaoCrudEmployee:51 - The function 'login' was completed successfully.
INFO  MySqlDaoCrudPatient:116 - The function 'select' was completed successfully.
INFO  MySqlDaoCrudUser:63 - The function 'getById' was completed successfully.
INFO  MySqlDaoCrudUser:63 - The function 'getById' was completed successfully.
INFO  MySqlDaoCrudEmployee:80 - The function 'getById' was completed successfully.
INFO  MySqlDaoCrudEmployee:51 - The function 'login' was completed successfully.
INFO  MySqlDaoCrudTherapy:58 - The function 'getById' was completed successfully.
INFO  MySqlDaoCrudTherapy:58 - The function 'getById' was completed successfully.
INFO  MySqlDaoCrudTherapy:58 - The function 'getById' was completed successfully.
INFO  MySqlDaoCrudTherapy:58 - The function 'getById' was completed successfully.
INFO  MySqlDaoCrudTherapy:58 - The function 'getById' was completed successfully.
INFO  MySqlDaoCrudTherapy:58 - The function 'getById' was completed successfully.
INFO  MySqlDaoCrudTherapy:58 - The function 'getById' was completed successfully.
INFO  MySqlDaoCrudTherapy:58 - The function 'getById' was completed successfully.
INFO  MySqlDaoCrudPatient:116 - The function 'select' was completed successfully.
INFO  MySqlDaoCrudUser:63 - The function 'getById' was completed successfully.
INFO  MySqlDaoCrudUser:63 - The function 'getById' was completed successfully.
INFO  MySqlDaoCrudEmployee:80 - The function 'getById' was completed successfully.
INFO  MySqlDaoCrudEmployee:51 - The function 'login' was completed successfully.
INFO  MySqlDaoCrudUser:63 - The function 'getById' was completed successfully.
INFO  MySqlDaoCrudUser:63 - The function 'getById' was completed successfully.
INFO  MySqlDaoCrudEmployee:80 - The function 'getById' was completed successfully.
INFO  MySqlDaoCrudEmployee:51 - The function 'login' was completed successfully.
INFO  MySqlDaoCrudUser:63 - The function 'getById' was completed successfully.
INFO  MySqlDaoCrudUser:63 - The function 'getById' was completed successfully.
INFO  MySqlDaoCrudEmployee:80 - The function 'getById' was completed successfully.
INFO  MySqlDaoCrudEmployee:51 - The function 'login' was completed successfully.
INFO  MySqlDaoCrudUser:63 - The function 'getById' was completed successfully.
INFO  MySqlDaoCrudUser:63 - The function 'getById' was completed successfully.
INFO  MySqlDaoCrudEmployee:80 - The function 'getById' was completed successfully.
INFO  MySqlDaoCrudEmployee:51 - The function 'login' was completed successfully.
INFO  MySqlDaoCrudTherapy:58 - The function 'getById' was completed successfully.
INFO  MySqlDaoCrudTherapy:58 - The function 'getById' was completed successfully.
INFO  MySqlDaoCrudTherapy:58 - The function 'getById' was completed successfully.
INFO  MySqlDaoCrudTherapy:58 - The function 'getById' was completed successfully.
INFO  MySqlDaoCrudTherapy:58 - The function 'getById' was completed successfully.
INFO  MySqlDaoCrudTherapy:58 - The function 'getById' was completed successfully.
INFO  MySqlDaoCrudTherapy:58 - The function 'getById' was completed successfully.
INFO  MySqlDaoCrudTherapy:58 - The function 'getById' was completed successfully.
INFO  MySqlDaoCrudPatient:116 - The function 'select' was completed successfully.
INFO  MySqlDaoCrudUser:63 - The function 'getById' was completed successfully.
INFO  MySqlDaoCrudUser:63 - The function 'getById' was completed successfully.
INFO  MySqlDaoCrudEmployee:80 - The function 'getById' was completed successfully.
INFO  MySqlDaoCrudEmployee:51 - The function 'login' was completed successfully.
INFO  MySqlDaoCrudUser:63 - The function 'getById' was completed successfully.
INFO  MySqlDaoCrudUser:63 - The function 'getById' was completed successfully.
INFO  MySqlDaoCrudEmployee:80 - The function 'getById' was completed successfully.
INFO  MySqlDaoCrudEmployee:51 - The function 'login' was completed successfully.
INFO  MySqlDaoCrudTherapy:58 - The function 'getById' was completed successfully.
INFO  MySqlDaoCrudTherapy:58 - The function 'getById' was completed successfully.
INFO  MySqlDaoCrudTherapy:58 - The function 'getById' was completed successfully.
INFO  MySqlDaoCrudTherapy:58 - The function 'getById' was completed successfully.
INFO  MySqlDaoCrudTherapy:58 - The function 'getById' was completed successfully.
INFO  MySqlDaoCrudTherapy:58 - The function 'getById' was completed successfully.
INFO  MySqlDaoCrudTherapy:58 - The function 'getById' was completed successfully.
INFO  MySqlDaoCrudTherapy:58 - The function 'getById' was completed successfully.
INFO  MySqlDaoCrudPatient:116 - The function 'select' was completed successfully.
INFO  MySqlDaoCrudUser:63 - The function 'getById' was completed successfully.
INFO  MySqlDaoCrudUser:63 - The function 'getById' was completed successfully.
INFO  MySqlDaoCrudEmployee:80 - The function 'getById' was completed successfully.
INFO  MySqlDaoCrudEmployee:51 - The function 'login' was completed successfully.
INFO  MySqlDaoCrudTherapy:58 - The function 'getById' was completed successfully.
INFO  MySqlDaoCrudTherapy:58 - The function 'getById' was completed successfully.
INFO  MySqlDaoCrudTherapy:58 - The function 'getById' was completed successfully.
INFO  MySqlDaoCrudTherapy:58 - The function 'getById' was completed successfully.
INFO  MySqlDaoCrudTherapy:58 - The function 'getById' was completed successfully.
INFO  MySqlDaoCrudTherapy:58 - The function 'getById' was completed successfully.
INFO  MySqlDaoCrudTherapy:58 - The function 'getById' was completed successfully.
INFO  MySqlDaoCrudTherapy:58 - The function 'getById' was completed successfully.
INFO  MySqlDaoCrudPatient:116 - The function 'select' was completed successfully.
INFO  MySqlDaoCrudUser:63 - The function 'getById' was completed successfully.
INFO  MySqlDaoCrudUser:63 - The function 'getById' was completed successfully.
INFO  MySqlDaoCrudEmployee:80 - The function 'getById' was completed successfully.
INFO  MySqlDaoCrudEmployee:51 - The function 'login' was completed successfully.
INFO  MySqlDaoCrudUser:63 - The function 'getById' was completed successfully.
INFO  MySqlDaoCrudUser:63 - The function 'getById' was completed successfully.
INFO  MySqlDaoCrudTherapy:58 - The function 'getById' was completed successfully.
INFO  MySqlDaoCrudTherapy:58 - The function 'getById' was completed successfully.
INFO  MySqlDaoCrudTherapy:58 - The function 'getById' was completed successfully.
INFO  MySqlDaoCrudTherapy:58 - The function 'getById' was completed successfully.
INFO  MySqlDaoCrudPatient:76 - The function 'getById' was completed successfully.
INFO  MySqlDaoCrudPatient:86 - The function 'login' was completed successfully.
INFO  MySqlDaoCrudTherapy:58 - The function 'getById' was completed successfully.
INFO  MySqlDaoCrudTherapy:58 - The function 'getById' was completed successfully.
INFO  MySqlDaoCrudTherapy:58 - The function 'getById' was completed successfully.
INFO  MySqlDaoCrudTherapy:58 - The function 'getById' was completed successfully.
INFO  MySqlDaoCrudPatient:76 - The function 'getById' was completed successfully.
INFO  MySqlDaoCrudUser:63 - The function 'getById' was completed successfully.
INFO  MySqlDaoCrudUser:63 - The function 'getById' was completed successfully.
INFO  MySqlDaoCrudEmployee:80 - The function 'getById' was completed successfully.
INFO  MySqlDaoCrudEmployee:51 - The function 'login' was completed successfully.
INFO  MySqlDaoCrudUser:63 - The function 'getById' was completed successfully.
INFO  MySqlDaoCrudUser:63 - The function 'getById' was completed successfully.
INFO  MySqlDaoCrudTherapy:58 - The function 'getById' was completed successfully.
INFO  MySqlDaoCrudTherapy:58 - The function 'getById' was completed successfully.
INFO  MySqlDaoCrudTherapy:58 - The function 'getById' was completed successfully.
INFO  MySqlDaoCrudTherapy:58 - The function 'getById' was completed successfully.
INFO  MySqlDaoCrudPatient:76 - The function 'getById' was completed successfully.
INFO  MySqlDaoCrudPatient:86 - The function 'login' was completed successfully.
INFO  MySqlDaoCrudTherapy:58 - The function 'getById' was completed successfully.
INFO  MySqlDaoCrudTherapy:58 - The function 'getById' was completed successfully.
INFO  MySqlDaoCrudTherapy:58 - The function 'getById' was completed successfully.
INFO  MySqlDaoCrudTherapy:58 - The function 'getById' was completed successfully.
INFO  MySqlDaoCrudPatient:76 - The function 'getById' was completed successfully.
INFO  MySqlDaoCrudUser:63 - The function 'getById' was completed successfully.
INFO  MySqlDaoCrudUser:63 - The function 'getById' was completed successfully.
INFO  MySqlDaoCrudEmployee:80 - The function 'getById' was completed successfully.
INFO  MySqlDaoCrudEmployee:51 - The function 'login' was completed successfully.
INFO  MySqlDaoCrudTherapy:58 - The function 'getById' was completed successfully.
INFO  MySqlDaoCrudTherapy:58 - The function 'getById' was completed successfully.
INFO  MySqlDaoCrudTherapy:58 - The function 'getById' was completed successfully.
INFO  MySqlDaoCrudTherapy:58 - The function 'getById' was completed successfully.
INFO  MySqlDaoCrudTherapy:58 - The function 'getById' was completed successfully.
INFO  MySqlDaoCrudTherapy:58 - The function 'getById' was completed successfully.
INFO  MySqlDaoCrudTherapy:58 - The function 'getById' was completed successfully.
INFO  MySqlDaoCrudTherapy:58 - The function 'getById' was completed successfully.
INFO  MySqlDaoCrudPatient:116 - The function 'select' was completed successfully.
INFO  MySqlDaoCrudUser:63 - The function 'getById' was completed successfully.
INFO  MySqlDaoCrudUser:63 - The function 'getById' was completed successfully.
INFO  MySqlDaoCrudEmployee:80 - The function 'getById' was completed successfully.
INFO  MySqlDaoCrudEmployee:51 - The function 'login' was completed successfully.
INFO  MySqlDaoCrudTherapy:58 - The function 'getById' was completed successfully.
INFO  MySqlDaoCrudTherapy:58 - The function 'getById' was completed successfully.
INFO  MySqlDaoCrudTherapy:58 - The function 'getById' was completed successfully.
INFO  MySqlDaoCrudTherapy:58 - The function 'getById' was completed successfully.
INFO  MySqlDaoCrudTherapy:58 - The function 'getById' was completed successfully.
INFO  MySqlDaoCrudTherapy:58 - The function 'getById' was completed successfully.
INFO  MySqlDaoCrudTherapy:58 - The function 'getById' was completed successfully.
INFO  MySqlDaoCrudTherapy:58 - The function 'getById' was completed successfully.
INFO  MySqlDaoCrudPatient:116 - The function 'select' was completed successfully.
INFO  MySqlDaoCrudUser:63 - The function 'getById' was completed successfully.
INFO  MySqlDaoCrudUser:63 - The function 'getById' was completed successfully.
INFO  MySqlDaoCrudEmployee:80 - The function 'getById' was completed successfully.
INFO  MySqlDaoCrudEmployee:51 - The function 'login' was completed successfully.
INFO  MySqlDaoCrudTherapy:58 - The function 'getById' was completed successfully.
INFO  MySqlDaoCrudTherapy:58 - The function 'getById' was completed successfully.
INFO  MySqlDaoCrudTherapy:58 - The function 'getById' was completed successfully.
INFO  MySqlDaoCrudTherapy:58 - The function 'getById' was completed successfully.
INFO  MySqlDaoCrudTherapy:58 - The function 'getById' was completed successfully.
INFO  MySqlDaoCrudTherapy:58 - The function 'getById' was completed successfully.
INFO  MySqlDaoCrudTherapy:58 - The function 'getById' was completed successfully.
INFO  MySqlDaoCrudTherapy:58 - The function 'getById' was completed successfully.
INFO  MySqlDaoCrudPatient:116 - The function 'select' was completed successfully.
INFO  MySqlDaoCrudUser:63 - The function 'getById' was completed successfully.
INFO  MySqlDaoCrudUser:63 - The function 'getById' was completed successfully.
INFO  MySqlDaoCrudEmployee:80 - The function 'getById' was completed successfully.
INFO  MySqlDaoCrudEmployee:51 - The function 'login' was completed successfully.
INFO  MySqlDaoCrudTherapy:58 - The function 'getById' was completed successfully.
INFO  MySqlDaoCrudTherapy:58 - The function 'getById' was completed successfully.
INFO  MySqlDaoCrudTherapy:58 - The function 'getById' was completed successfully.
INFO  MySqlDaoCrudTherapy:58 - The function 'getById' was completed successfully.
INFO  MySqlDaoCrudTherapy:58 - The function 'getById' was completed successfully.
INFO  MySqlDaoCrudTherapy:58 - The function 'getById' was completed successfully.
INFO  MySqlDaoCrudTherapy:58 - The function 'getById' was completed successfully.
INFO  MySqlDaoCrudTherapy:58 - The function 'getById' was completed successfully.
INFO  MySqlDaoCrudPatient:116 - The function 'select' was completed successfully.
INFO  MySqlDaoCrudUser:63 - The function 'getById' was completed successfully.
INFO  MySqlDaoCrudUser:63 - The function 'getById' was completed successfully.
INFO  MySqlDaoCrudEmployee:80 - The function 'getById' was completed successfully.
INFO  MySqlDaoCrudEmployee:51 - The function 'login' was completed successfully.
INFO  MySqlDaoCrudTherapy:58 - The function 'getById' was completed successfully.
INFO  MySqlDaoCrudTherapy:58 - The function 'getById' was completed successfully.
INFO  MySqlDaoCrudTherapy:58 - The function 'getById' was completed successfully.
INFO  MySqlDaoCrudTherapy:58 - The function 'getById' was completed successfully.
INFO  MySqlDaoCrudTherapy:58 - The function 'getById' was completed successfully.
INFO  MySqlDaoCrudTherapy:58 - The function 'getById' was completed successfully.
INFO  MySqlDaoCrudTherapy:58 - The function 'getById' was completed successfully.
INFO  MySqlDaoCrudTherapy:58 - The function 'getById' was completed successfully.
INFO  MySqlDaoCrudPatient:116 - The function 'select' was completed successfully.
INFO  MySqlDaoCrudUser:63 - The function 'getById' was completed successfully.
INFO  MySqlDaoCrudUser:63 - The function 'getById' was completed successfully.
INFO  MySqlDaoCrudEmployee:80 - The function 'getById' was completed successfully.
INFO  MySqlDaoCrudEmployee:51 - The function 'login' was completed successfully.
INFO  MySqlDaoCrudTherapy:58 - The function 'getById' was completed successfully.
INFO  MySqlDaoCrudTherapy:58 - The function 'getById' was completed successfully.
INFO  MySqlDaoCrudTherapy:58 - The function 'getById' was completed successfully.
INFO  MySqlDaoCrudTherapy:58 - The function 'getById' was completed successfully.
INFO  MySqlDaoCrudTherapy:58 - The function 'getById' was completed successfully.
INFO  MySqlDaoCrudTherapy:58 - The function 'getById' was completed successfully.
INFO  MySqlDaoCrudTherapy:58 - The function 'getById' was completed successfully.
INFO  MySqlDaoCrudTherapy:58 - The function 'getById' was completed successfully.
INFO  MySqlDaoCrudPatient:116 - The function 'select' was completed successfully.
INFO  MySqlDaoCrudUser:63 - The function 'getById' was completed successfully.
INFO  MySqlDaoCrudUser:63 - The function 'getById' was completed successfully.
INFO  MySqlDaoCrudEmployee:80 - The function 'getById' was completed successfully.
INFO  MySqlDaoCrudEmployee:51 - The function 'login' was completed successfully.
INFO  MySqlDaoCrudUser:63 - The function 'getById' was completed successfully.
INFO  MySqlDaoCrudUser:63 - The function 'getById' was completed successfully.
INFO  MySqlDaoCrudEmployee:80 - The function 'getById' was completed successfully.
INFO  MySqlDaoCrudEmployee:51 - The function 'login' was completed successfully.
INFO  MySqlDaoCrudTherapy:58 - The function 'getById' was completed successfully.
INFO  MySqlDaoCrudTherapy:58 - The function 'getById' was completed successfully.
INFO  MySqlDaoCrudTherapy:58 - The function 'getById' was completed successfully.
INFO  MySqlDaoCrudTherapy:58 - The function 'getById' was completed successfully.
INFO  MySqlDaoCrudTherapy:58 - The function 'getById' was completed successfully.
INFO  MySqlDaoCrudTherapy:58 - The function 'getById' was completed successfully.
INFO  MySqlDaoCrudTherapy:58 - The function 'getById' was completed successfully.
INFO  MySqlDaoCrudTherapy:58 - The function 'getById' was completed successfully.
INFO  MySqlDaoCrudPatient:116 - The function 'select' was completed successfully.
INFO  MySqlDaoCrudUser:63 - The function 'getById' was completed successfully.
INFO  MySqlDaoCrudUser:63 - The function 'getById' was completed successfully.
INFO  MySqlDaoCrudEmployee:80 - The function 'getById' was completed successfully.
INFO  MySqlDaoCrudEmployee:51 - The function 'login' was completed successfully.
INFO  MySqlDaoCrudTherapy:58 - The function 'getById' was completed successfully.
INFO  MySqlDaoCrudTherapy:58 - The function 'getById' was completed successfully.
INFO  MySqlDaoCrudTherapy:58 - The function 'getById' was completed successfully.
INFO  MySqlDaoCrudTherapy:58 - The function 'getById' was completed successfully.
INFO  MySqlDaoCrudTherapy:58 - The function 'getById' was completed successfully.
INFO  MySqlDaoCrudTherapy:58 - The function 'getById' was completed successfully.
INFO  MySqlDaoCrudTherapy:58 - The function 'getById' was completed successfully.
INFO  MySqlDaoCrudTherapy:58 - The function 'getById' was completed successfully.
INFO  MySqlDaoCrudPatient:116 - The function 'select' was completed successfully.
